Arguments: 
  E:\uni\programas\Nodejs\node.exe C:\Users\ricar\AppData\Roaming\npm\node_modules\yarn\bin\yarn.js add react-google-charts~

PATH: 
  C:\Python310\Scripts\;C:\Python310\;C:\Program Files (x86)\Intel\iCLS Client\;C:\Program Files\Intel\iCLS Client\;C:\Windows\system32;C:\Windows;C:\Windows\System32\Wbem;C:\Windows\System32\WindowsPowerShell\v1.0\;C:\Program Files (x86)\Intel\Intel(R) Management Engine Components\DAL;C:\Program Files\Intel\Intel(R) Management Engine Components\DAL;C:\Program Files (x86)\Intel\Intel(R) Management Engine Components\IPT;C:\Program Files\Intel\Intel(R) Management Engine Components\IPT;C:\Program Files (x86)\NVIDIA Corporation\PhysX\Common;C:\WINDOWS\system32;C:\WINDOWS;C:\WINDOWS\System32\Wbem;C:\WINDOWS\System32\WindowsPowerShell\v1.0\;C:\WINDOWS\System32\OpenSSH\;E:\uni\programas\MATLAB2\bin;C:\Program Files\Git\cmd;D:\yay\ANACONDA;E:\uni\programas\Nodejs\;C:\ProgramData\chocolatey\bin;C:\Program Files\Azure Data Studio\bin;C:\Program Files\Microsoft SQL Server\Client SDK\ODBC\170\Tools\Binn\;C:\Program Files (x86)\Microsoft SQL Server\150\Tools\Binn\;C:\Program Files\Microsoft SQL Server\150\Tools\Binn\;C:\Program Files\Microsoft SQL Server\150\DTS\Binn\;C:\Users\ricar\AppData\Local\Microsoft\WindowsApps;D:\yay\ANACONDA;C:\Users\ricar\AppData\Local\GitHubDesktop\bin;C:\Users\ricar\AppData\Roaming\npm;C:\Users\ricar\AppData\Local\Programs\Microsoft VS Code\bin;C:\Program Files\Azure Data Studio\bin

Yarn version: 
  1.22.19

Node version: 
  16.18.0

Platform: 
  win32 x64

Trace: 
  Error: https://registry.yarnpkg.com/react-google-charts~: Not found
      at Request.params.callback [as _callback] (C:\Users\ricar\AppData\Roaming\npm\node_modules\yarn\lib\cli.js:66145:18)
      at Request.self.callback (C:\Users\ricar\AppData\Roaming\npm\node_modules\yarn\lib\cli.js:140890:22)
      at Request.emit (node:events:513:28)
      at Request.<anonymous> (C:\Users\ricar\AppData\Roaming\npm\node_modules\yarn\lib\cli.js:141862:10)
      at Request.emit (node:events:513:28)
      at IncomingMessage.<anonymous> (C:\Users\ricar\AppData\Roaming\npm\node_modules\yarn\lib\cli.js:141784:12)
      at Object.onceWrapper (node:events:627:28)
      at IncomingMessage.emit (node:events:525:35)
      at endReadableNT (node:internal/streams/readable:1358:12)
      at processTicksAndRejections (node:internal/process/task_queues:83:21)

npm manifest: 
  {
    "name": "argon-design-system-react",
    "version": "1.1.1",
    "description": "React version of Argon Design System by Creative Tim",
    "main": "index.js",
    "repository": {
      "type": "git",
      "url": "git+https://github.com/creativetimofficial/argon-design-system-react.git"
    },
    "keywords": [
      "react",
      "reactjs",
      "argon",
      "argon-react",
      "design",
      "design-react",
      "argon-design",
      "argon-design-react",
      "kit",
      "react-kit",
      "argon-design-system",
      "argon-design-system-react",
      "design-system-react"
    ],
    "author": "Creative Tim",
    "license": "MIT",
    "bugs": {
      "url": "https://github.com/creativetimofficial/argon-design-system-react/issues"
    },
    "homepage": "https://demos.creative-tim.com/argon-design-system-react/",
    "scripts": {
      "start": "react-scripts start",
      "build": "react-scripts build && gulp licenses",
      "test": "react-scripts test",
      "eject": "react-scripts eject",
      "install:clean": "rm -rf node_modules/ && rm -rf package-lock.json && npm install && npm start",
      "compile-sass": "sass src/assets/scss/argon-design-system-react.scss src/assets/css/argon-design-system-react.css",
      "minify-sass": "sass src/assets/scss/argon-design-system-react.scss src/assets/css/argon-design-system-react.min.css --style compressed"
    },
    "eslintConfig": {
      "extends": "react-app"
    },
    "browserslist": [
      ">0.2%",
      "not dead",
      "not ie <= 11",
      "not op_mini all"
    ],
    "dependencies": {
      "bootstrap": "4.3.1",
      "classnames": "2.3.1",
      "headroom.js": "0.12.0",
      "moment": "2.29.4",
      "nouislider": "14.1.1",
      "react": "18.2.0",
      "react-datetime": "3.1.1",
      "react-dom": "18.2.0",
      "react-router-dom": "5.1.2",
      "react-scripts": "5.0.1",
      "reactstrap": "8.4.1",
      "sass": "1.53.0"
    },
    "peerDependencies": {
      "react": ">=16.0.0",
      "react-dom": ">=16.0.0"
    },
    "devDependencies": {
      "@types/googlemaps": "3.39.2",
      "@types/markerclustererplus": "2.1.33",
      "@types/react": "18.0.17",
      "eslint-plugin-flowtype": "8.0.3",
      "gulp": "4.0.2",
      "gulp-append-prepend": "1.0.9",
      "jquery": "3.6.0",
      "typescript": "4.7.4"
    }
  }

yarn manifest: 
  No manifest

Lockfile: 
  No lockfile
